

> @micoblanc/chipster@1.1.0 build /Users/alvarogallego/alvaro/chipster/packages/chipster
> tsc

[96mjest.config.ts[0m:[93m1[0m:[93m15[0m - [91merror[0m[90m TS2305: [0mModule '"jest"' has no exported member 'Config'.

[7m1[0m import type { Config } from 'jest';
[7m [0m [91m              ~~~~~~[0m

[96msrc/__tests__/chipster.test.tsx[0m:[93m24[0m:[93m21[0m - [91merror[0m[90m TS2339: [0mProperty 'toHaveValue' does not exist on type 'Matchers<void, HTMLElement>'.

[7m24[0m       expect(input).toHaveValue('');
[7m  [0m [91m                    ~~~~~~~~~~~[0m

[96msrc/__tests__/chipster.test.tsx[0m:[93m29[0m:[93m43[0m - [91merror[0m[90m TS2339: [0mProperty 'toBeDisabled' does not exist on type 'Matchers<void, HTMLElement>'.

[7m29[0m       expect(screen.getByRole('textbox')).toBeDisabled();
[7m  [0m [91m                                          ~~~~~~~~~~~~[0m

[96msrc/__tests__/chipster.test.tsx[0m:[93m48[0m:[93m20[0m - [91merror[0m[90m TS2339: [0mProperty 'toBeInTheDocument' does not exist on type 'Matchers<void, HTMLElement>'.

[7m48[0m       expect(chip).toBeInTheDocument();
[7m  [0m [91m                   ~~~~~~~~~~~~~~~~~[0m

[96msrc/__tests__/chipster.test.tsx[0m:[93m55[0m:[93m51[0m - [91merror[0m[90m TS2339: [0mProperty 'toBeInTheDocument' does not exist on type 'Matchers<void, HTMLElement | null>'.

[7m55[0m       expect(screen.queryByText('test-chip')).not.toBeInTheDocument();
[7m  [0m [91m                                                  ~~~~~~~~~~~~~~~~~[0m

[96msrc/__tests__/chipster.test.tsx[0m:[93m94[0m:[93m65[0m - [91merror[0m[90m TS2339: [0mProperty 'toBeInTheDocument' does not exist on type 'Matchers<void, HTMLElement>'.

[7m94[0m       expect(screen.getByText('Must be at least 3 characters')).toBeInTheDocument();
[7m  [0m [91m                                                                ~~~~~~~~~~~~~~~~~[0m

[96msrc/__tests__/chipster.test.tsx[0m:[93m95[0m:[93m44[0m - [91merror[0m[90m TS2339: [0mProperty 'toBeInTheDocument' does not exist on type 'Matchers<void, HTMLElement | null>'.

[7m95[0m       expect(screen.queryByText('ab')).not.toBeInTheDocument();
[7m  [0m [91m                                           ~~~~~~~~~~~~~~~~~[0m

[96msrc/__tests__/chipster.test.tsx[0m:[93m102[0m:[93m40[0m - [91merror[0m[90m TS2304: [0mCannot find name 'mockGetSuggestions'.

[7m102[0m       render(<Chipster getSuggestions={mockGetSuggestions} />);
[7m   [0m [91m                                       ~~~~~~~~~~~~~~~~~~[0m

[96msrc/__tests__/chipster.test.tsx[0m:[93m107[0m:[93m41[0m - [91merror[0m[90m TS2339: [0mProperty 'toBeInTheDocument' does not exist on type 'Matchers<void, HTMLElement>'.

[7m107[0m       expect(screen.getByText('apple')).toBeInTheDocument();
[7m   [0m [91m                                        ~~~~~~~~~~~~~~~~~[0m

[96msrc/__tests__/chipster.test.tsx[0m:[93m111[0m:[93m41[0m - [91merror[0m[90m TS2339: [0mProperty 'toBeInTheDocument' does not exist on type 'Matchers<void, HTMLElement>'.

[7m111[0m       expect(screen.getByText('apple')).toBeInTheDocument();
[7m   [0m [91m                                        ~~~~~~~~~~~~~~~~~[0m

[96msrc/__tests__/chipster.test.tsx[0m:[93m112[0m:[93m21[0m - [91merror[0m[90m TS2339: [0mProperty 'toHaveValue' does not exist on type 'Matchers<void, HTMLElement>'.

[7m112[0m       expect(input).toHaveValue('');
[7m   [0m [91m                    ~~~~~~~~~~~[0m


Found 11 errors in 2 files.

Errors  Files
     1  jest.config.ts[90m:1[0m
    10  src/__tests__/chipster.test.tsx[90m:24[0m
[41m[30m ELIFECYCLE [39m[49m [31mCommand failed with exit code 2.[39m
